2022-06-06 11:28:16,477 - ERROR - basePage.py[48]:None元素定位不到
2022-06-06 11:28:16,479 - ERROR - basePage.py[49]:Traceback (most recent call last):
  File "/Users/shenyuming/PycharmProjects/autotest_UI/common/basePage.py", line 43, in get_element
    return self.driver.find_element(*locator)
  File "/usr/local/lib/python3.7/site-packages/selenium/webdriver/remote/webdriver.py", line 1240, in find_element
    'value': value})['value']
  File "/usr/local/lib/python3.7/site-packages/selenium/webdriver/remote/webdriver.py", line 418, in execute
    self.error_handler.check_response(response)
  File "/usr/local/lib/python3.7/site-packages/selenium/webdriver/remote/errorhandler.py", line 243, in check_response
    raise exception_class(message, screen, stacktrace)
selenium.common.exceptions.InvalidArgumentException: Message: invalid argument: invalid locator
  (Session info: chrome=92.0.4515.107)
Stacktrace:
0   chromedriver                        0x0000000102c97da4 chromedriver + 2538916
1   chromedriver                        0x000000010322d928 chromedriver + 8395048
2   chromedriver                        0x0000000102a54e60 chromedriver + 167520
3   chromedriver                        0x0000000102a83664 chromedriver + 357988
4   chromedriver                        0x0000000102aac740 chromedriver + 526144
5   chromedriver                        0x0000000102a79158 chromedriver + 315736
6   chromedriver                        0x0000000102c64cb0 chromedriver + 2329776
7   chromedriver                        0x0000000102c75030 chromedriver + 2396208
8   chromedriver                        0x0000000102c4bf64 chromedriver + 2228068
9   chromedriver                        0x0000000102c75fc4 chromedriver + 2400196
10  chromedriver                        0x0000000102c5bc5c chromedriver + 2292828
11  chromedriver                        0x0000000102c8c7d8 chromedriver + 2492376
12  chromedriver                        0x0000000102c8c94c chromedriver + 2492748
13  chromedriver                        0x0000000102c9c768 chromedriver + 2557800
14  libsystem_pthread.dylib             0x000000019511a06c _pthread_start + 320
15  libsystem_pthread.dylib             0x0000000195114da0 thread_start + 8


